<?xml version="1.0" encoding="UTF-8"?>
<testng-results ignored="1" total="2" passed="1" failed="0" skipped="0">
  <reporter-output>
  </reporter-output>
  <suite started-at="2021-07-17T16:52:02 IST" name="Default suite" finished-at="2021-07-17T16:52:02 IST" duration-ms="73">
    <groups>
    </groups>
    <test started-at="2021-07-17T16:52:02 IST" name="Default test" finished-at="2021-07-17T16:52:02 IST" duration-ms="73">
      <class name="pooja.TestNg">
        <test-method signature="show()[pri:0, instance:pooja.TestNg@6ce139a4]" started-at="2021-07-17T16:52:02 IST" name="show" finished-at="2021-07-17T16:52:02 IST" duration-ms="18" status="PASS">
          <reporter-output>
          </reporter-output>
        </test-method> <!-- show -->
      </class> <!-- pooja.TestNg -->
    </test> <!-- Default test -->
  </suite> <!-- Default suite -->
</testng-results>
