<?xml version="1.0" encoding="UTF-8"?>
<!-- Generated by org.testng.reporters.JUnitXMLReporter -->
<testsuite ignored="3" hostname="MJ-Jump02" failures="0" tests="2" name="Test" time="0.063" errors="0" timestamp="2021-07-17T14:27:30 IST">
  <testcase classname="pooja.SeleniumTestng" name="diff" time="0.009"/>
  <testcase classname="pooja.SeleniumTestng" name="mul" time="0.001"/>
  <testcase classname="pooja.SeleniumTestng" name="sum" time="0.0">
    <ignored/>
  </testcase> <!-- sum -->
  <testcase classname="pooja.SeleniumTestng" name="showMethod" time="0.0">
    <ignored/>
  </testcase> <!-- showMethod -->
  <testcase classname="pooja.SeleniumTestng" name="launchBrowser" time="0.0">
    <ignored/>
  </testcase> <!-- launchBrowser -->
</testsuite> <!-- Test -->
